0 info it worked if it ends with ok
1 verbose cli [ '/Users/jakesendar/.nvm/versions/io.js/v2.0.2/bin/iojs',
1 verbose cli   '/Users/jakesendar/.nvm/versions/io.js/v2.0.2/bin/npm',
1 verbose cli   'run',
1 verbose cli   'docker' ]
2 info using npm@2.9.0
3 info using node@v2.0.2
4 verbose run-script [ 'predocker', 'docker', 'postdocker' ]
5 info predocker doc_app@0.0.1
6 info docker doc_app@0.0.1
7 verbose unsafe-perm in lifecycle true
8 info doc_app@0.0.1 Failed to exec docker script
9 verbose stack Error: doc_app@0.0.1 docker: `export NODE_ENV=docker && boot2docker start && npm run build && docker build --no-cache -t spendar89/docapp . && docker push spendar89/docapp`
9 verbose stack Exit status 1
9 verbose stack     at EventEmitter.<anonymous> (/Users/jakesendar/.nvm/versions/io.js/v2.0.2/lib/node_modules/npm/lib/utils/lifecycle.js:213:16)
9 verbose stack     at emitTwo (events.js:87:13)
9 verbose stack     at EventEmitter.emit (events.js:172:7)
9 verbose stack     at ChildProcess.<anonymous> (/Users/jakesendar/.nvm/versions/io.js/v2.0.2/lib/node_modules/npm/lib/utils/spawn.js:24:14)
9 verbose stack     at emitTwo (events.js:87:13)
9 verbose stack     at ChildProcess.emit (events.js:172:7)
9 verbose stack     at maybeClose (child_process.js:953:16)
9 verbose stack     at Process.ChildProcess._handle.onexit (child_process.js:1020:5)
10 verbose pkgid doc_app@0.0.1
11 verbose cwd /Users/jakesendar/doc_app
12 error Darwin 14.0.0
13 error argv "/Users/jakesendar/.nvm/versions/io.js/v2.0.2/bin/iojs" "/Users/jakesendar/.nvm/versions/io.js/v2.0.2/bin/npm" "run" "docker"
14 error node v2.0.2
15 error npm  v2.9.0
16 error code ELIFECYCLE
17 error doc_app@0.0.1 docker: `export NODE_ENV=docker && boot2docker start && npm run build && docker build --no-cache -t spendar89/docapp . && docker push spendar89/docapp`
17 error Exit status 1
18 error Failed at the doc_app@0.0.1 docker script 'export NODE_ENV=docker && boot2docker start && npm run build && docker build --no-cache -t spendar89/docapp . && docker push spendar89/docapp'.
18 error This is most likely a problem with the doc_app package,
18 error not with npm itself.
18 error Tell the author that this fails on your system:
18 error     export NODE_ENV=docker && boot2docker start && npm run build && docker build --no-cache -t spendar89/docapp . && docker push spendar89/docapp
18 error You can get their info via:
18 error     npm owner ls doc_app
18 error There is likely additional logging output above.
19 verbose exit [ 1, true ]
